# JRE version: Java(TM) SE Runtime Environment (8.0_102-b14) (build 1.8.0_102-b14)
# Java VM: Java HotSpot(TM) 64-Bit Server VM (25.102-b14 mixed mode windows-amd64 compressed oops)
Heap:
 PSYoungGen      total 664064K, used 80076K [0x00000000d5700000, 0x0000000100000000, 0x0000000100000000)
  eden space 630784K, 7% used [0x00000000d5700000,0x00000000d882a588,0x00000000fbf00000)
  from space 33280K, 89% used [0x00000000fbf00000,0x00000000fdc08d68,0x00000000fdf80000)
  to   space 33280K, 0% used [0x00000000fdf80000,0x00000000fdf80000,0x0000000100000000)
 ParOldGen       total 144384K, used 37253K [0x0000000080400000, 0x0000000089100000, 0x00000000d5700000)
  object space 144384K, 25% used [0x0000000080400000,0x00000000828617e0,0x0000000089100000)
 Metaspace       used 16446K, capacity 16632K, committed 17024K, reserved 1064960K
  class space    used 1722K, capacity 1801K, committed 1920K, reserved 1048576K
GC Heap History (10 events):
Event: 455.977 GC heap before
{Heap before GC invocations=202 (full 3):
 PSYoungGen      total 667648K, used 664235K [0x00000000d5700000, 0x0000000100000000, 0x0000000100000000)
  eden space 638976K, 99% used [0x00000000d5700000,0x00000000fc560ac0,0x00000000fc700000)
  from space 28672K, 93% used [0x00000000fe400000,0x00000000ffe4a2c8,0x0000000100000000)
  to   space 29184K, 0% used [0x00000000fc700000,0x00000000fc700000,0x00000000fe380000)
 ParOldGen       total 144384K, used 33837K [0x0000000080400000, 0x0000000089100000, 0x00000000d5700000)
  object space 144384K, 23% used [0x0000000080400000,0x000000008250b7e0,0x0000000089100000)
 Metaspace       used 16398K, capacity 16568K, committed 17024K, reserved 1064960K
  class space    used 1721K, capacity 1801K, committed 1920K, reserved 1048576K
Event: 456.012 GC heap after
Heap after GC invocations=202 (full 3):
 PSYoungGen      total 668160K, used 26290K [0x00000000d5700000, 0x00000000fff80000, 0x0000000100000000)
  eden space 638976K, 0% used [0x00000000d5700000,0x00000000d5700000,0x00000000fc700000)
  from space 29184K, 90% used [0x00000000fc700000,0x00000000fe0ac970,0x00000000fe380000)
  to   space 28672K, 0% used [0x00000000fe380000,0x00000000fe380000,0x00000000fff80000)
 ParOldGen       total 144384K, used 33845K [0x0000000080400000, 0x0000000089100000, 0x00000000d5700000)
  object space 144384K, 23% used [0x0000000080400000,0x000000008250d7e0,0x0000000089100000)
 Metaspace       used 16398K, capacity 16568K, committed 17024K, reserved 1064960K
  class space    used 1721K, capacity 1801K, committed 1920K, reserved 1048576K
}
Event: 460.147 GC heap before
{Heap before GC invocations=203 (full 3):
 PSYoungGen      total 668160K, used 665266K [0x00000000d5700000, 0x00000000fff80000, 0x0000000100000000)
  eden space 638976K, 100% used [0x00000000d5700000,0x00000000fc700000,0x00000000fc700000)
  from space 29184K, 90% used [0x00000000fc700000,0x00000000fe0ac970,0x00000000fe380000)
  to   space 28672K, 0% used [0x00000000fe380000,0x00000000fe380000,0x00000000fff80000)
 ParOldGen       total 144384K, used 33845K [0x0000000080400000, 0x0000000089100000, 0x00000000d5700000)
  object space 144384K, 23% used [0x0000000080400000,0x000000008250d7e0,0x0000000089100000)
 Metaspace       used 16446K, capacity 16632K, committed 17024K, reserved 1064960K
  class space    used 1722K, capacity 1801K, committed 1920K, reserved 1048576K
Event: 460.161 GC heap after
Heap after GC invocations=203 (full 3):
 PSYoungGen      total 664576K, used 28643K [0x00000000d5700000, 0x0000000100000000, 0x0000000100000000)
  eden space 635904K, 0% used [0x00000000d5700000,0x00000000d5700000,0x00000000fc400000)
  from space 28672K, 99% used [0x00000000fe380000,0x00000000fff78d68,0x00000000fff80000)
  to   space 30720K, 0% used [0x00000000fc400000,0x00000000fc400000,0x00000000fe200000)
 ParOldGen       total 144384K, used 36981K [0x0000000080400000, 0x0000000089100000, 0x00000000d5700000)
  object space 144384K, 25% used [0x0000000080400000,0x000000008281d7e0,0x0000000089100000)
 Metaspace       used 16446K, capacity 16632K, committed 17024K, reserved 1064960K
  class space    used 1722K, capacity 1801K, committed 1920K, reserved 1048576K
}
Event: 464.111 GC heap before
{Heap before GC invocations=204 (full 3):
 PSYoungGen      total 664576K, used 664547K [0x00000000d5700000, 0x0000000100000000, 0x0000000100000000)
  eden space 635904K, 100% used [0x00000000d5700000,0x00000000fc400000,0x00000000fc400000)
  from space 28672K, 99% used [0x00000000fe380000,0x00000000fff78d68,0x00000000fff80000)
  to   space 30720K, 0% used [0x00000000fc400000,0x00000000fc400000,0x00000000fe200000)
 ParOldGen       total 144384K, used 36981K [0x0000000080400000, 0x0000000089100000, 0x00000000d5700000)
  object space 144384K, 25% used [0x0000000080400000,0x000000008281d7e0,0x0000000089100000)
 Metaspace       used 16446K, capacity 16632K, committed 17024K, reserved 1064960K
  class space    used 1722K, capacity 1801K, committed 1920K, reserved 1048576K
Event: 464.122 GC heap after
Heap after GC invocations=204 (full 3):
 PSYoungGen      total 665600K, used 29539K [0x00000000d5700000, 0x0000000100000000, 0x0000000100000000)
  eden space 635904K, 0% used [0x00000000d5700000,0x00000000d5700000,0x00000000fc400000)
  from space 29696K, 99% used [0x00000000fc400000,0x00000000fe0d8d68,0x00000000fe100000)
  to   space 31744K, 0% used [0x00000000fe100000,0x00000000fe100000,0x0000000100000000)
 ParOldGen       total 144384K, used 36981K [0x0000000080400000, 0x0000000089100000, 0x00000000d5700000)
  object space 144384K, 25% used [0x0000000080400000,0x000000008281d7e0,0x0000000089100000)
 Metaspace       used 16446K, capacity 16632K, committed 17024K, reserved 1064960K
  class space    used 1722K, capacity 1801K, committed 1920K, reserved 1048576K
}
Event: 466.558 GC heap before
{Heap before GC invocations=205 (full 3):
 PSYoungGen      total 665600K, used 665443K [0x00000000d5700000, 0x0000000100000000, 0x0000000100000000)
  eden space 635904K, 100% used [0x00000000d5700000,0x00000000fc400000,0x00000000fc400000)
  from space 29696K, 99% used [0x00000000fc400000,0x00000000fe0d8d68,0x00000000fe100000)
  to   space 31744K, 0% used [0x00000000fe100000,0x00000000fe100000,0x0000000100000000)
 ParOldGen       total 144384K, used 36981K [0x0000000080400000, 0x0000000089100000, 0x00000000d5700000)
  object space 144384K, 25% used [0x0000000080400000,0x000000008281d7e0,0x0000000089100000)
 Metaspace       used 16446K, capacity 16632K, committed 17024K, reserved 1064960K
  class space    used 1722K, capacity 1801K, committed 1920K, reserved 1048576K
Event: 466.571 GC heap after
Heap after GC invocations=205 (full 3):
 PSYoungGen      total 662528K, used 31725K [0x00000000d5700000, 0x0000000100000000, 0x0000000100000000)
  eden space 630784K, 0% used [0x00000000d5700000,0x00000000d5700000,0x00000000fbf00000)
  from space 31744K, 99% used [0x00000000fe100000,0x00000000ffffb6f8,0x0000000100000000)
  to   space 33280K, 0% used [0x00000000fbf00000,0x00000000fbf00000,0x00000000fdf80000)
 ParOldGen       total 144384K, used 37253K [0x0000000080400000, 0x0000000089100000, 0x00000000d5700000)
  object space 144384K, 25% used [0x0000000080400000,0x00000000828617e0,0x0000000089100000)
 Metaspace       used 16446K, capacity 16632K, committed 17024K, reserved 1064960K
  class space    used 1722K, capacity 1801K, committed 1920K, reserved 1048576K
}
Event: 468.722 GC heap before
{Heap before GC invocations=206 (full 3):
 PSYoungGen      total 662528K, used 662509K [0x00000000d5700000, 0x0000000100000000, 0x0000000100000000)
  eden space 630784K, 100% used [0x00000000d5700000,0x00000000fbf00000,0x00000000fbf00000)
  from space 31744K, 99% used [0x00000000fe100000,0x00000000ffffb6f8,0x0000000100000000)
  to   space 33280K, 0% used [0x00000000fbf00000,0x00000000fbf00000,0x00000000fdf80000)
 ParOldGen       total 144384K, used 37253K [0x0000000080400000, 0x0000000089100000, 0x00000000d5700000)
  object space 144384K, 25% used [0x0000000080400000,0x00000000828617e0,0x0000000089100000)
 Metaspace       used 16446K, capacity 16632K, committed 17024K, reserved 1064960K
  class space    used 1722K, capacity 1801K, committed 1920K, reserved 1048576K
Event: 468.734 GC heap after
Heap after GC invocations=206 (full 3):
 PSYoungGen      total 664064K, used 29731K [0x00000000d5700000, 0x0000000100000000, 0x0000000100000000)
  eden space 630784K, 0% used [0x00000000d5700000,0x00000000d5700000,0x00000000fbf00000)
  from space 33280K, 89% used [0x00000000fbf00000,0x00000000fdc08d68,0x00000000fdf80000)
  to   space 33280K, 0% used [0x00000000fdf80000,0x00000000fdf80000,0x0000000100000000)
 ParOldGen       total 144384K, used 37253K [0x0000000080400000, 0x0000000089100000, 0x00000000d5700000)
  object space 144384K, 25% used [0x0000000080400000,0x00000000828617e0,0x0000000089100000)
 Metaspace       used 16446K, capacity 16632K, committed 17024K, reserved 1064960K
  class space    used 1722K, capacity 1801K, committed 1920K, reserved 1048576K
}

