# JRE version: Java(TM) SE Runtime Environment (8.0_111-b14) (build 1.8.0_111-b14)
# Java VM: Java HotSpot(TM) 64-Bit Server VM (25.111-b14 mixed mode windows-amd64 compressed oops)
Heap:
 PSYoungGen      total 659456K, used 164434K [0x00000000d5f00000, 0x00000000fff80000, 0x0000000100000000)
  eden space 630272K, 22% used [0x00000000d5f00000,0x00000000de6aa710,0x00000000fc680000)
  from space 29184K, 87% used [0x00000000fe300000,0x00000000ffbea2c8,0x00000000fff80000)
  to   space 29184K, 0% used [0x00000000fc680000,0x00000000fc680000,0x00000000fe300000)
 ParOldGen       total 108544K, used 55222K [0x0000000081c00000, 0x0000000088600000, 0x00000000d5f00000)
  object space 108544K, 50% used [0x0000000081c00000,0x00000000851ed9d8,0x0000000088600000)
 Metaspace       used 16344K, capacity 16530K, committed 16896K, reserved 1064960K
  class space    used 1687K, capacity 1768K, committed 1792K, reserved 1048576K
GC Heap History (10 events):
Event: 85.184 GC heap before
{Heap before GC invocations=69 (full 1):
 PSYoungGen      total 659456K, used 657544K [0x00000000d5f00000, 0x0000000100000000, 0x0000000100000000)
  eden space 630784K, 100% used [0x00000000d5f00000,0x00000000fc700000,0x00000000fc700000)
  from space 28672K, 93% used [0x00000000fc700000,0x00000000fe1222c8,0x00000000fe300000)
  to   space 28672K, 0% used [0x00000000fe400000,0x00000000fe400000,0x0000000100000000)
 ParOldGen       total 108544K, used 55222K [0x0000000081c00000, 0x0000000088600000, 0x00000000d5f00000)
  object space 108544K, 50% used [0x0000000081c00000,0x00000000851ed9d8,0x0000000088600000)
 Metaspace       used 16344K, capacity 16530K, committed 16896K, reserved 1064960K
  class space    used 1687K, capacity 1768K, committed 1792K, reserved 1048576K
Event: 85.196 GC heap after
Heap after GC invocations=69 (full 1):
 PSYoungGen      total 659456K, used 27208K [0x00000000d5f00000, 0x0000000100000000, 0x0000000100000000)
  eden space 630784K, 0% used [0x00000000d5f00000,0x00000000d5f00000,0x00000000fc700000)
  from space 28672K, 94% used [0x00000000fe400000,0x00000000ffe922c8,0x0000000100000000)
  to   space 29184K, 0% used [0x00000000fc700000,0x00000000fc700000,0x00000000fe380000)
 ParOldGen       total 108544K, used 55222K [0x0000000081c00000, 0x0000000088600000, 0x00000000d5f00000)
  object space 108544K, 50% used [0x0000000081c00000,0x00000000851ed9d8,0x0000000088600000)
 Metaspace       used 16344K, capacity 16530K, committed 16896K, reserved 1064960K
  class space    used 1687K, capacity 1768K, committed 1792K, reserved 1048576K
}
Event: 86.748 GC heap before
{Heap before GC invocations=70 (full 1):
 PSYoungGen      total 659456K, used 657992K [0x00000000d5f00000, 0x0000000100000000, 0x0000000100000000)
  eden space 630784K, 100% used [0x00000000d5f00000,0x00000000fc700000,0x00000000fc700000)
  from space 28672K, 94% used [0x00000000fe400000,0x00000000ffe922c8,0x0000000100000000)
  to   space 29184K, 0% used [0x00000000fc700000,0x00000000fc700000,0x00000000fe380000)
 ParOldGen       total 108544K, used 55222K [0x0000000081c00000, 0x0000000088600000, 0x00000000d5f00000)
  object space 108544K, 50% used [0x0000000081c00000,0x00000000851ed9d8,0x0000000088600000)
 Metaspace       used 16344K, capacity 16530K, committed 16896K, reserved 1064960K
  class space    used 1687K, capacity 1768K, committed 1792K, reserved 1048576K
Event: 87.692 GC heap after
Heap after GC invocations=70 (full 1):
 PSYoungGen      total 658944K, used 27869K [0x00000000d5f00000, 0x0000000100000000, 0x0000000100000000)
  eden space 630784K, 0% used [0x00000000d5f00000,0x00000000d5f00000,0x00000000fc700000)
  from space 28160K, 98% used [0x00000000fc700000,0x00000000fe2375e8,0x00000000fe280000)
  to   space 29696K, 0% used [0x00000000fe300000,0x00000000fe300000,0x0000000100000000)
 ParOldGen       total 108544K, used 55222K [0x0000000081c00000, 0x0000000088600000, 0x00000000d5f00000)
  object space 108544K, 50% used [0x0000000081c00000,0x00000000851ed9d8,0x0000000088600000)
 Metaspace       used 16344K, capacity 16530K, committed 16896K, reserved 1064960K
  class space    used 1687K, capacity 1768K, committed 1792K, reserved 1048576K
}
Event: 89.100 GC heap before
{Heap before GC invocations=71 (full 1):
 PSYoungGen      total 658944K, used 658653K [0x00000000d5f00000, 0x0000000100000000, 0x0000000100000000)
  eden space 630784K, 100% used [0x00000000d5f00000,0x00000000fc700000,0x00000000fc700000)
  from space 28160K, 98% used [0x00000000fc700000,0x00000000fe2375e8,0x00000000fe280000)
  to   space 29696K, 0% used [0x00000000fe300000,0x00000000fe300000,0x0000000100000000)
 ParOldGen       total 108544K, used 55222K [0x0000000081c00000, 0x0000000088600000, 0x00000000d5f00000)
  object space 108544K, 50% used [0x0000000081c00000,0x00000000851ed9d8,0x0000000088600000)
 Metaspace       used 16344K, capacity 16530K, committed 16896K, reserved 1064960K
  class space    used 1687K, capacity 1768K, committed 1792K, reserved 1048576K
Event: 89.114 GC heap after
Heap after GC invocations=71 (full 1):
 PSYoungGen      total 659968K, used 24520K [0x00000000d5f00000, 0x0000000100000000, 0x0000000100000000)
  eden space 630272K, 0% used [0x00000000d5f00000,0x00000000d5f00000,0x00000000fc680000)
  from space 29696K, 82% used [0x00000000fe300000,0x00000000ffaf22c8,0x0000000100000000)
  to   space 29184K, 0% used [0x00000000fc680000,0x00000000fc680000,0x00000000fe300000)
 ParOldGen       total 108544K, used 55222K [0x0000000081c00000, 0x0000000088600000, 0x00000000d5f00000)
  object space 108544K, 50% used [0x0000000081c00000,0x00000000851ed9d8,0x0000000088600000)
 Metaspace       used 16344K, capacity 16530K, committed 16896K, reserved 1064960K
  class space    used 1687K, capacity 1768K, committed 1792K, reserved 1048576K
}
Event: 90.814 GC heap before
{Heap before GC invocations=72 (full 1):
 PSYoungGen      total 659968K, used 654792K [0x00000000d5f00000, 0x0000000100000000, 0x0000000100000000)
  eden space 630272K, 100% used [0x00000000d5f00000,0x00000000fc680000,0x00000000fc680000)
  from space 29696K, 82% used [0x00000000fe300000,0x00000000ffaf22c8,0x0000000100000000)
  to   space 29184K, 0% used [0x00000000fc680000,0x00000000fc680000,0x00000000fe300000)
 ParOldGen       total 108544K, used 55222K [0x0000000081c00000, 0x0000000088600000, 0x00000000d5f00000)
  object space 108544K, 50% used [0x0000000081c00000,0x00000000851ed9d8,0x0000000088600000)
 Metaspace       used 16344K, capacity 16530K, committed 16896K, reserved 1064960K
  class space    used 1687K, capacity 1768K, committed 1792K, reserved 1048576K
Event: 90.827 GC heap after
Heap after GC invocations=72 (full 1):
 PSYoungGen      total 659456K, used 25000K [0x00000000d5f00000, 0x00000000fff80000, 0x0000000100000000)
  eden space 630272K, 0% used [0x00000000d5f00000,0x00000000d5f00000,0x00000000fc680000)
  from space 29184K, 85% used [0x00000000fc680000,0x00000000fdeea2c8,0x00000000fe300000)
  to   space 29184K, 0% used [0x00000000fe300000,0x00000000fe300000,0x00000000fff80000)
 ParOldGen       total 108544K, used 55222K [0x0000000081c00000, 0x0000000088600000, 0x00000000d5f00000)
  object space 108544K, 50% used [0x0000000081c00000,0x00000000851ed9d8,0x0000000088600000)
 Metaspace       used 16344K, capacity 16530K, committed 16896K, reserved 1064960K
  class space    used 1687K, capacity 1768K, committed 1792K, reserved 1048576K
}
Event: 94.225 GC heap before
{Heap before GC invocations=73 (full 1):
 PSYoungGen      total 659456K, used 655272K [0x00000000d5f00000, 0x00000000fff80000, 0x0000000100000000)
  eden space 630272K, 100% used [0x00000000d5f00000,0x00000000fc680000,0x00000000fc680000)
  from space 29184K, 85% used [0x00000000fc680000,0x00000000fdeea2c8,0x00000000fe300000)
  to   space 29184K, 0% used [0x00000000fe300000,0x00000000fe300000,0x00000000fff80000)
 ParOldGen       total 108544K, used 55222K [0x0000000081c00000, 0x0000000088600000, 0x00000000d5f00000)
  object space 108544K, 50% used [0x0000000081c00000,0x00000000851ed9d8,0x0000000088600000)
 Metaspace       used 16344K, capacity 16530K, committed 16896K, reserved 1064960K
  class space    used 1687K, capacity 1768K, committed 1792K, reserved 1048576K
Event: 94.236 GC heap after
Heap after GC invocations=73 (full 1):
 PSYoungGen      total 659456K, used 25512K [0x00000000d5f00000, 0x00000000fff80000, 0x0000000100000000)
  eden space 630272K, 0% used [0x00000000d5f00000,0x00000000d5f00000,0x00000000fc680000)
  from space 29184K, 87% used [0x00000000fe300000,0x00000000ffbea2c8,0x00000000fff80000)
  to   space 29184K, 0% used [0x00000000fc680000,0x00000000fc680000,0x00000000fe300000)
 ParOldGen       total 108544K, used 55222K [0x0000000081c00000, 0x0000000088600000, 0x00000000d5f00000)
  object space 108544K, 50% used [0x0000000081c00000,0x00000000851ed9d8,0x0000000088600000)
 Metaspace       used 16344K, capacity 16530K, committed 16896K, reserved 1064960K
  class space    used 1687K, capacity 1768K, committed 1792K, reserved 1048576K
}

